#Name, freq, doodsonamp, doodsonspecies, potentialamp
  Z0 0.0000000000 NaN NaN 0.000000
  SA 0.0000001991 0.011600 0.000000 0.000000
 SSA 0.0000003982 0.072990 0.000000 0.019446
 MSM 0.0000022860 NaN NaN 0.000000
  MM 0.0000026392 0.082540 0.000000 0.022026
 MSF 0.0000049252 0.013760 0.000000 0.000000
  MF 0.0000053234 0.156420 0.000000 0.041742
ALP1 0.0000600333 0.002780 -1.000000 0.000000
 2Q1 0.0000623193 0.009550 -1.000000 0.000000
SIG1 0.0000626725 0.011530 -1.000000 0.000000
  Q1 0.0000649585 0.072160 -1.000000 0.019256
RHO1 0.0000653117 0.013710 -1.000000 0.000000
  O1 0.0000675977 0.376890 -1.000000 0.100514
TAU1 0.0000679960 -0.004910 -1.000000 0.000000
BET1 0.0000698837 -0.002780 -1.000000 0.000000
 NO1 0.0000702820 -0.029640 -1.000000 0.000000
CHI1 0.0000706352 -0.005660 -1.000000 0.000000
 PI1 0.0000723238 0.010290 -1.000000 0.000000
  P1 0.0000725229 0.175840 -1.000000 0.046843
  S1 0.0000727221 -0.004230 -1.000000 0.000000
  K1 0.0000729212 -0.530500 -1.000000 0.141565
PSI1 0.0000731203 -0.004230 -1.000000 0.000000
PHI1 0.0000733194 NaN NaN 0.000000
THE1 0.0000752072 -0.007560 -1.000000 0.000000
  J1 0.0000755604 -0.029640 -1.000000 0.000000
2PO1 0.0000774481 NaN NaN 0.000000
 SO1 0.0000778464 NaN NaN 0.000000
 OO1 0.0000782446 -0.016230 -1.000000 0.000000
UPS1 0.0000808838 -0.003110 -1.000000 0.000000
ST36 0.0001280293 NaN NaN 0.000000
2NS2 0.0001303153 NaN NaN 0.000000
ST37 0.0001306685 NaN NaN 0.000000
 ST1 0.0001307135 NaN NaN 0.000000
 OQ2 0.0001326013 0.002590 2.000000 0.000000
EPS2 0.0001329545 0.006710 2.000000 0.000000
 ST2 0.0001333527 NaN NaN 0.000000
 ST3 0.0001347973 NaN NaN 0.000000
  O2 0.0001351955 NaN NaN 0.000000
 2N2 0.0001352405 0.023010 2.000000 0.000000
 MU2 0.0001355937 0.027770 2.000000 0.000000
SNK2 0.0001374815 NaN NaN 0.000000
  N2 0.0001378797 0.173870 2.000000 0.046398
 NU2 0.0001382329 0.033030 2.000000 0.000000
 ST4 0.0001386761 NaN NaN 0.000000
 OP2 0.0001401207 NaN NaN 0.000000
GAM2 0.0001401657 -0.002730 2.000000 0.000000
  H1 0.0001403198 -0.003140 2.000000 0.000000
  M2 0.0001405189 0.908120 2.000000 0.242334
  H2 0.0001407180 0.002760 2.000000 0.000000
MKS2 0.0001409171 NaN NaN 0.000000
 ST5 0.0001413153 NaN NaN 0.000000
 ST6 0.0001424067 NaN NaN 0.000000
LDA2 0.0001428049 -0.006700 2.000000 0.000000
  L2 0.0001431581 -0.025670 2.000000 0.000000
2SK2 0.0001450459 NaN NaN 0.000000
  T2 0.0001452450 0.024790 2.000000 0.000000
  S2 0.0001454441 0.423580 2.000000 0.112841
  R2 0.0001456432 -0.003540 2.000000 0.000000
  K2 0.0001458423 0.115060 2.000000 0.030704
MSN2 0.0001480833 NaN NaN 0.000000
ETA2 0.0001484815 0.006430 2.000000 0.000000
 ST7 0.0001488797 NaN NaN 0.000000
2SM2 0.0001503693 NaN NaN 0.000000
ST38 0.0001507225 NaN NaN 0.000000
SKM2 0.0001507675 NaN NaN 0.000000
2SN2 0.0001530085 NaN NaN 0.000000
 NO3 0.0002054774 NaN NaN 0.000000
 MO3 0.0002081166 NaN NaN 0.000000
  M3 0.0002107784 -0.011880 3.000000 0.000000
 NK3 0.0002108009 NaN NaN 0.000000
 SO3 0.0002130418 NaN NaN 0.000000
 MK3 0.0002134401 NaN NaN 0.000000
 SP3 0.0002179671 NaN NaN 0.000000
 SK3 0.0002183653 NaN NaN 0.000000
 ST8 0.0002734734 NaN NaN 0.000000
  N4 0.0002757594 NaN NaN 0.000000
3MS4 0.0002761126 NaN NaN 0.000000
ST39 0.0002780004 NaN NaN 0.000000
 MN4 0.0002783986 NaN NaN 0.000000
 ST9 0.0002787968 NaN NaN 0.000000
ST40 0.0002806396 NaN NaN 0.000000
  M4 0.0002810378 NaN NaN 0.000000
ST10 0.0002814360 NaN NaN 0.000000
 SN4 0.0002833238 NaN NaN 0.000000
 KN4 0.0002837220 NaN NaN 0.000000
 MS4 0.0002859630 NaN NaN 0.000000
 MK4 0.0002863612 NaN NaN 0.000000
 SL4 0.0002886022 NaN NaN 0.000000
  S4 0.0002908882 NaN NaN 0.000000
 SK4 0.0002912864 NaN NaN 0.000000
MNO5 0.0003459963 NaN NaN 0.000000
2MO5 0.0003486355 NaN NaN 0.000000
3MP5 0.0003490338 NaN NaN 0.000000
MNK5 0.0003513198 NaN NaN 0.000000
2MP5 0.0003535608 NaN NaN 0.000000
2MK5 0.0003539590 NaN NaN 0.000000
MSK5 0.0003588842 NaN NaN 0.000000
3KM5 0.0003592824 NaN NaN 0.000000
2SK5 0.0003638094 NaN NaN 0.000000
ST11 0.0004140373 NaN NaN 0.000000
2NM6 0.0004162783 NaN NaN 0.000000
ST12 0.0004166765 NaN NaN 0.000000
2MN6 0.0004189175 NaN NaN 0.000000
ST13 0.0004193157 NaN NaN 0.000000
ST41 0.0004211585 NaN NaN 0.000000
  M6 0.0004215567 NaN NaN 0.000000
MSN6 0.0004238427 NaN NaN 0.000000
MKN6 0.0004242409 NaN NaN 0.000000
ST42 0.0004260837 NaN NaN 0.000000
2MS6 0.0004264819 NaN NaN 0.000000
2MK6 0.0004268801 NaN NaN 0.000000
NSK6 0.0004291661 NaN NaN 0.000000
2SM6 0.0004314071 NaN NaN 0.000000
MSK6 0.0004318053 NaN NaN 0.000000
  S6 0.0004363323 NaN NaN 0.000000
ST14 0.0004865152 NaN NaN 0.000000
ST15 0.0004891995 NaN NaN 0.000000
  M7 0.0004918162 NaN NaN 0.000000
ST16 0.0004940797 NaN NaN 0.000000
3MK7 0.0004944779 NaN NaN 0.000000
ST17 0.0004994031 NaN NaN 0.000000
ST18 0.0005567972 NaN NaN 0.000000
3MN8 0.0005594364 NaN NaN 0.000000
ST19 0.0005598346 NaN NaN 0.000000
  M8 0.0005620756 NaN NaN 0.000000
ST20 0.0005643616 NaN NaN 0.000000
ST21 0.0005647598 NaN NaN 0.000000
3MS8 0.0005670008 NaN NaN 0.000000
3MK8 0.0005673990 NaN NaN 0.000000
ST22 0.0005696850 NaN NaN 0.000000
ST23 0.0005719260 NaN NaN 0.000000
ST24 0.0005723242 NaN NaN 0.000000
ST25 0.0006297184 NaN NaN 0.000000
ST26 0.0006323576 NaN NaN 0.000000
4MK9 0.0006349968 NaN NaN 0.000000
ST27 0.0006399220 NaN NaN 0.000000
ST28 0.0006999553 NaN NaN 0.000000
 M10 0.0007025945 NaN NaN 0.000000
ST29 0.0007048805 NaN NaN 0.000000
ST30 0.0007075197 NaN NaN 0.000000
ST31 0.0007102039 NaN NaN 0.000000
ST32 0.0007124449 NaN NaN 0.000000
ST33 0.0007804409 NaN NaN 0.000000
 M12 0.0008431134 NaN NaN 0.000000
ST34 0.0008480386 NaN NaN 0.000000
ST35 0.0008507228 NaN NaN 0.000000
