#
# There is insufficient memory for the Java Runtime Environment to continue.
# Cannot create GC thread. Out of system resources.
# Possible reasons:
#   The system is out of physical RAM or swap space
#   In 32 bit mode, the process size limit was hit
# Possible solutions:
#   Reduce memory load on the system
#   Increase physical memory or swap space
#   Check if swap backing store is full
#   Use 64 bit Java on a 64 bit OS
#   Decrease Java heap size (-Xmx/-Xms)
#   Decrease number of Java threads
#   Decrease Java thread stack sizes (-Xss)
#   Set larger code cache with -XX:ReservedCodeCacheSize=
# This output file may be truncated or incomplete.
#
#  Out of Memory Error (gcTaskThread.cpp:48), pid=99159, tid=0x00002aee0de27700
#
# JRE version:  (8.0_102-b14) (build )
# Java VM: OpenJDK 64-Bit Server VM (25.102-b14 mixed mode linux-amd64 compressed oops)
# Failed to write core dump. Core dumps have been disabled. To enable core dumping, try "ulimit -c unlimited" before starting Java again
#

---------------  T H R E A D  ---------------

Current thread (0x00002aee14009000):  JavaThread "Unknown thread" [_thread_in_vm, id=99160, stack(0x00002aee0dd27000,0x00002aee0de28000)]

Stack: [0x00002aee0dd27000,0x00002aee0de28000],  sp=0x00002aee0de26790,  free space=1021k
Native frames: (J=compiled Java code, j=interpreted, Vv=VM code, C=native code)
V  [libjvm.so+0xa1282d]
V  [libjvm.so+0x4c6c6a]
V  [libjvm.so+0x593c0f]
V  [libjvm.so+0x592dd7]
V  [libjvm.so+0x897c24]
V  [libjvm.so+0x9dd209]
V  [libjvm.so+0x9dd412]
V  [libjvm.so+0x5f2005]
V  [libjvm.so+0x9c0b1e]
V  [libjvm.so+0x664f3f]  JNI_CreateJavaVM+0x5f
C  [libjli.so+0x3057]
C  [libpthread.so.0+0x7dc5]  start_thread+0xc5


---------------  P R O C E S S  ---------------

Java Threads: ( => current thread )

Other Threads:

=>0x00002aee14009000 (exited) JavaThread "Unknown thread" [_thread_in_vm, id=99160, stack(0x00002aee0dd27000,0x00002aee0de28000)]

VM state:not at safepoint (not fully initialized)

VM Mutex/Monitor currently owned by a thread: None

GC Heap History (0 events):
No events

Deoptimization events (0 events):
No events

Internal exceptions (0 events):
No events

Events (0 events):
No events


Dynamic libraries:
00400000-00401000 r-xp 00000000 fd:00 17592729                           /usr/lib/jvm/java-1.8.0-openjdk-1.8.0.102-4.b14.el7.x86_64/jre/bin/java
00600000-00601000 r--p 00000000 fd:00 17592729                           /usr/lib/jvm/java-1.8.0-openjdk-1.8.0.102-4.b14.el7.x86_64/jre/bin/java
00601000-00602000 rw-p 00001000 fd:00 17592729                           /usr/lib/jvm/java-1.8.0-openjdk-1.8.0.102-4.b14.el7.x86_64/jre/bin/java
00e0d000-00e2e000 rw-p 00000000 00:00 0                                  [heap]
80200000-d3e00000 rw-p 00000000 00:00 0 
d3e00000-580100000 ---p 00000000 00:00 0 
580100000-5a9f00000 rw-p 00000000 00:00 0 
5a9f00000-800000000 ---p 00000000 00:00 0 
2aee0dcec000-2aee0dd0c000 r-xp 00000000 fd:00 8390421                    /usr/lib64/ld-2.17.so
2aee0dd0c000-2aee0dd0e000 rw-p 00000000 00:00 0 
2aee0dd0e000-2aee0dd0f000 r--p 00000000 00:00 0 
2aee0dd0f000-2aee0dd10000 rw-p 00000000 00:00 0 
2aee0dd10000-2aee0dd18000 rw-s 00000000 fd:03 78                         /tmp/hsperfdata_feiye/99159
2aee0dd18000-2aee0dd1b000 rw-p 00000000 00:00 0 
2aee0dd23000-2aee0dd27000 rw-p 00000000 00:00 0 
2aee0dd27000-2aee0dd2a000 ---p 00000000 00:00 0 
2aee0dd2a000-2aee0de28000 rw-p 00000000 00:00 0                          [stack:99160]
2aee0df0b000-2aee0df0c000 r--p 0001f000 fd:00 8390421                    /usr/lib64/ld-2.17.so
2aee0df0c000-2aee0df0d000 rw-p 00020000 fd:00 8390421                    /usr/lib64/ld-2.17.so
2aee0df0d000-2aee0df0e000 rw-p 00000000 00:00 0 
2aee0df0e000-2aee0df25000 r-xp 00000000 fd:00 8390454                    /usr/lib64/libpthread-2.17.so
2aee0df25000-2aee0e124000 ---p 00017000 fd:00 8390454                    /usr/lib64/libpthread-2.17.so
2aee0e124000-2aee0e125000 r--p 00016000 fd:00 8390454                    /usr/lib64/libpthread-2.17.so
2aee0e125000-2aee0e126000 rw-p 00017000 fd:00 8390454                    /usr/lib64/libpthread-2.17.so
2aee0e126000-2aee0e12a000 rw-p 00000000 00:00 0 
2aee0e12a000-2aee0e143000 r-xp 00000000 00:35 137275527                  /usr/local/intel64/broadwell/gcc-4.9.4/visit-2.12.3/2.12.3/linux-x86_64/lib/libz.so.1.2.7
2aee0e143000-2aee0e342000 ---p 00019000 00:35 137275527                  /usr/local/intel64/broadwell/gcc-4.9.4/visit-2.12.3/2.12.3/linux-x86_64/lib/libz.so.1.2.7
2aee0e342000-2aee0e343000 r--p 00018000 00:35 137275527                  /usr/local/intel64/broadwell/gcc-4.9.4/visit-2.12.3/2.12.3/linux-x86_64/lib/libz.so.1.2.7
2aee0e343000-2aee0e344000 rw-p 00019000 00:35 137275527                  /usr/local/intel64/broadwell/gcc-4.9.4/visit-2.12.3/2.12.3/linux-x86_64/lib/libz.so.1.2.7
2aee0e344000-2aee0e352000 r-xp 00000000 fd:00 17592740                   /usr/lib/jvm/java-1.8.0-openjdk-1.8.0.102-4.b14.el7.x86_64/jre/lib/amd64/jli/libjli.so
2aee0e352000-2aee0e551000 ---p 0000e000 fd:00 17592740                   /usr/lib/jvm/java-1.8.0-openjdk-1.8.0.102-4.b14.el7.x86_64/jre/lib/amd64/jli/libjli.so
2aee0e551000-2aee0e552000 r--p 0000d000 fd:00 17592740                   /usr/lib/jvm/java-1.8.0-openjdk-1.8.0.102-4.b14.el7.x86_64/jre/lib/amd64/jli/libjli.so
2aee0e552000-2aee0e553000 rw-p 0000e000 fd:00 17592740                   /usr/lib/jvm/java-1.8.0-openjdk-1.8.0.102-4.b14.el7.x86_64/jre/lib/amd64/jli/libjli.so
2aee0e553000-2aee0e555000 r-xp 00000000 fd:00 8390434                    /usr/lib64/libdl-2.17.so
2aee0e555000-2aee0e755000 ---p 00002000 fd:00 8390434                    /usr/lib64/libdl-2.17.so
2aee0e755000-2aee0e756000 r--p 00002000 fd:00 8390434                    /usr/lib64/libdl-2.17.so
2aee0e756000-2aee0e757000 rw-p 00003000 fd:00 8390434                    /usr/lib64/libdl-2.17.so
2aee0e757000-2aee0e90d000 r-xp 00000000 fd:00 8390428                    /usr/lib64/libc-2.17.so
2aee0e90d000-2aee0eb0d000 ---p 001b6000 fd:00 8390428                    /usr/lib64/libc-2.17.so
2aee0eb0d000-2aee0eb11000 r--p 001b6000 fd:00 8390428                    /usr/lib64/libc-2.17.so
2aee0eb11000-2aee0eb13000 rw-p 001ba000 fd:00 8390428                    /usr/lib64/libc-2.17.so
2aee0eb13000-2aee0eb18000 rw-p 00000000 00:00 0 
2aee0eb18000-2aee0f727000 r-xp 00000000 fd:00 25699953                   /usr/lib/jvm/java-1.8.0-openjdk-1.8.0.102-4.b14.el7.x86_64/jre/lib/amd64/server/libjvm.so
2aee0f727000-2aee0f926000 ---p 00c0f000 fd:00 25699953                   /usr/lib/jvm/java-1.8.0-openjdk-1.8.0.102-4.b14.el7.x86_64/jre/lib/amd64/server/libjvm.so
2aee0f926000-2aee0f9c5000 r--p 00c0e000 fd:00 25699953                   /usr/lib/jvm/java-1.8.0-openjdk-1.8.0.102-4.b14.el7.x86_64/jre/lib/amd64/server/libjvm.so
2aee0f9c5000-2aee0f9ee000 rw-p 00cad000 fd:00 25699953                   /usr/lib/jvm/java-1.8.0-openjdk-1.8.0.102-4.b14.el7.x86_64/jre/lib/amd64/server/libjvm.so
2aee0f9ee000-2aee0fa20000 rw-p 00000000 00:00 0 
2aee0fa20000-2aee0fb0b000 r-xp 00000000 00:35 127043723                  /usr/local/gcc-4.9.4/lib64/libstdc++.so.6.0.20
2aee0fb0b000-2aee0fd0b000 ---p 000eb000 00:35 127043723                  /usr/local/gcc-4.9.4/lib64/libstdc++.so.6.0.20
2aee0fd0b000-2aee0fd13000 r--p 000eb000 00:35 127043723                  /usr/local/gcc-4.9.4/lib64/libstdc++.so.6.0.20
2aee0fd13000-2aee0fd15000 rw-p 000f3000 00:35 127043723                  /usr/local/gcc-4.9.4/lib64/libstdc++.so.6.0.20
2aee0fd15000-2aee0fd2a000 rw-p 00000000 00:00 0 
2aee0fd2a000-2aee0fe2a000 r-xp 00000000 fd:00 8390436                    /usr/lib64/libm-2.17.so
2aee0fe2a000-2aee1002a000 ---p 00100000 fd:00 8390436                    /usr/lib64/libm-2.17.so
2aee1002a000-2aee1002b000 r--p 00100000 fd:00 8390436                    /usr/lib64/libm-2.17.so
2aee1002b000-2aee1002c000 rw-p 00101000 fd:00 8390436                    /usr/lib64/libm-2.17.so
2aee1002c000-2aee10042000 r-xp 00000000 00:35 127033663                  /usr/local/gcc-4.9.4/lib64/libgcc_s.so.1
2aee10042000-2aee10241000 ---p 00016000 00:35 127033663                  /usr/local/gcc-4.9.4/lib64/libgcc_s.so.1
2aee10241000-2aee10242000 r--p 00015000 00:35 127033663                  /usr/local/gcc-4.9.4/lib64/libgcc_s.so.1
2aee10242000-2aee10243000 rw-p 00016000 00:35 127033663                  /usr/local/gcc-4.9.4/lib64/libgcc_s.so.1
2aee10243000-2aee1024a000 r-xp 00000000 fd:00 8390458                    /usr/lib64/librt-2.17.so
2aee1024a000-2aee10449000 ---p 00007000 fd:00 8390458                    /usr/lib64/librt-2.17.so
2aee10449000-2aee1044a000 r--p 00006000 fd:00 8390458                    /usr/lib64/librt-2.17.so
2aee1044a000-2aee1044b000 rw-p 00007000 fd:00 8390458                    /usr/lib64/librt-2.17.so
2aee1044b000-2aee10458000 r-xp 00000000 fd:00 1309148                    /usr/lib/jvm/java-1.8.0-openjdk-1.8.0.102-4.b14.el7.x86_64/jre/lib/amd64/libverify.so
2aee10458000-2aee10657000 ---p 0000d000 fd:00 1309148                    /usr/lib/jvm/java-1.8.0-openjdk-1.8.0.102-4.b14.el7.x86_64/jre/lib/amd64/libverify.so
2aee10657000-2aee10659000 r--p 0000c000 fd:00 1309148                    /usr/lib/jvm/java-1.8.0-openjdk-1.8.0.102-4.b14.el7.x86_64/jre/lib/amd64/libverify.so
2aee10659000-2aee1065a000 rw-p 0000e000 fd:00 1309148                    /usr/lib/jvm/java-1.8.0-openjdk-1.8.0.102-4.b14.el7.x86_64/jre/lib/amd64/libverify.so
2aee1065a000-2aee10687000 r-xp 00000000 fd:00 1309131                    /usr/lib/jvm/java-1.8.0-openjdk-1.8.0.102-4.b14.el7.x86_64/jre/lib/amd64/libjava.so
2aee10687000-2aee10886000 ---p 0002d000 fd:00 1309131                    /usr/lib/jvm/java-1.8.0-openjdk-1.8.0.102-4.b14.el7.x86_64/jre/lib/amd64/libjava.so
2aee10886000-2aee10887000 r--p 0002c000 fd:00 1309131                    /usr/lib/jvm/java-1.8.0-openjdk-1.8.0.102-4.b14.el7.x86_64/jre/lib/amd64/libjava.so
2aee10887000-2aee10889000 rw-p 0002d000 fd:00 1309131                    /usr/lib/jvm/java-1.8.0-openjdk-1.8.0.102-4.b14.el7.x86_64/jre/lib/amd64/libjava.so
2aee10889000-2aee10895000 r-xp 00000000 fd:00 8390446                    /usr/lib64/libnss_files-2.17.so
2aee10895000-2aee10a94000 ---p 0000c000 fd:00 8390446                    /usr/lib64/libnss_files-2.17.so
2aee10a94000-2aee10a95000 r--p 0000b000 fd:00 8390446                    /usr/lib64/libnss_files-2.17.so
2aee10a95000-2aee10a96000 rw-p 0000c000 fd:00 8390446                    /usr/lib64/libnss_files-2.17.so
2aee10a96000-2aee10a9c000 rw-p 00000000 00:00 0 
2aee10a9c000-2aee10aa4000 r-xp 00000000 fd:00 1309149                    /usr/lib/jvm/java-1.8.0-openjdk-1.8.0.102-4.b14.el7.x86_64/jre/lib/amd64/libzip.so
2aee10aa4000-2aee10ca3000 ---p 00008000 fd:00 1309149                    /usr/lib/jvm/java-1.8.0-openjdk-1.8.0.102-4.b14.el7.x86_64/jre/lib/amd64/libzip.so
2aee10ca3000-2aee10ca4000 r--p 00007000 fd:00 1309149                    /usr/lib/jvm/java-1.8.0-openjdk-1.8.0.102-4.b14.el7.x86_64/jre/lib/amd64/libzip.so
2aee10ca4000-2aee10ca5000 rw-p 00008000 fd:00 1309149                    /usr/lib/jvm/java-1.8.0-openjdk-1.8.0.102-4.b14.el7.x86_64/jre/lib/amd64/libzip.so
2aee10ca5000-2aee10caf000 rw-p 00000000 00:00 0 
2aee10caf000-2aee11065000 ---p 00000000 00:00 0 
2aee11065000-2aee11303000 rw-p 00000000 00:00 0 
2aee11303000-2aee13865000 ---p 00000000 00:00 0 
2aee13865000-2aee13866000 ---p 00000000 00:00 0 
2aee13866000-2aee13966000 rw-p 00000000 00:00 0                          [stack:99163]
2aee13966000-2aee13967000 ---p 00000000 00:00 0 
2aee13967000-2aee13a67000 rw-p 00000000 00:00 0                          [stack:99164]
2aee13a67000-2aee13a68000 ---p 00000000 00:00 0 
2aee13a68000-2aee13b68000 rw-p 00000000 00:00 0                          [stack:99165]
2aee13b68000-2aee13b69000 ---p 00000000 00:00 0 
2aee13b69000-2aee13c69000 rw-p 00000000 00:00 0                          [stack:99166]
2aee13c69000-2aee13c6a000 ---p 00000000 00:00 0 
2aee13c6a000-2aee13d6a000 rw-p 00000000 00:00 0                          [stack:99167]
2aee13d6a000-2aee13d6b000 ---p 00000000 00:00 0 
2aee13d6b000-2aee13e6b000 rw-p 00000000 00:00 0                          [stack:99168]
2aee13e6b000-2aee13e6c000 ---p 00000000 00:00 0 
2aee13e6c000-2aee13f6c000 rw-p 00000000 00:00 0                          [stack:99169]
2aee14000000-2aee1404c000 rw-p 00000000 00:00 0 
2aee1404c000-2aee18000000 ---p 00000000 00:00 0 
2aee18000000-2aee18270000 rwxp 00000000 00:00 0 
2aee18270000-2aee27000000 ---p 00000000 00:00 0 
2aee27000000-2aee2729e000 rw-p 00000000 00:00 0 
2aee2729e000-2aee297ff000 ---p 00000000 00:00 0 
2aee297ff000-2aee2994f000 rw-p 00000000 00:00 0 
2aee2994f000-2aee2abff000 ---p 00000000 00:00 0 
2aee2abff000-2aee2ac00000 rw-p 00000000 00:00 0 
2aee2ac00000-2aee2ac01000 ---p 00000000 00:00 0 
2aee2ac01000-2aee2ad01000 rw-p 00000000 00:00 0                          [stack:99170]
2aee2ad01000-2aee2ad02000 ---p 00000000 00:00 0 
2aee2ad02000-2aee2ae02000 rw-p 00000000 00:00 0                          [stack:99171]
2aee2ae02000-2aee2ae03000 ---p 00000000 00:00 0 
2aee2ae03000-2aee2af03000 rw-p 00000000 00:00 0                          [stack:99172]
2aee2af03000-2aee2af04000 ---p 00000000 00:00 0 
2aee2af04000-2aee2b004000 rw-p 00000000 00:00 0                          [stack:99173]
2aee2b004000-2aee2b005000 ---p 00000000 00:00 0 
2aee2b005000-2aee2b105000 rw-p 00000000 00:00 0                          [stack:99174]
2aee2b105000-2aee2b106000 ---p 00000000 00:00 0 
2aee2b106000-2aee2b206000 rw-p 00000000 00:00 0                          [stack:99175]
2aee2b206000-2aee2b207000 ---p 00000000 00:00 0 
2aee2b207000-2aee2b307000 rw-p 00000000 00:00 0 
7fff0469a000-7fff046bf000 rw-p 00000000 00:00 0                          [stack]
7fff046e7000-7fff046e9000 r-xp 00000000 00:00 0                          [vdso]
ffffffffff600000-ffffffffff601000 r-xp 00000000 00:00 0                  [vsyscall]

VM Arguments:
java_command: /sciclone/schism10/Hgrid_projects/DEMs/vdatum/vdatum//vdatum.jar ihorz:NAD83_2011 ivert:navd88:m:height ohorz:igs14:geo:deg overt:xgeoid20b:m:height -pt:-91.015695,30.183966,15.081661 region:5
java_class_path (initial): /sciclone/schism10/Hgrid_projects/DEMs/vdatum/vdatum//vdatum.jar
Launcher Type: SUN_STANDARD

Environment Variables:
PATH=/sciclone/home/feiye/bin/go/bin:/sciclone/home/feiye/bin/node-v20.11.1-linux-x64/bin/bin:/sciclone/home/feiye/bin:/sciclone/home/feiye/mambaforge/bin:/sciclone/home/feiye/mambaforge/condabin:/usr/local/intel64/broadwell/gcc/visit-2.12.3/bin:/usr/local/cmake-3.15.3/bin:/usr/local/intel-2017/clck/2017.0.014/bin/intel64:/usr/local/intel-2017/compilers_and_libraries_2017.0.098/linux/bin/intel64:/usr/local/intel-2017/debugger_2017/gdb/intel64_mic/bin:/usr/local/intel64/broadwell/intel-2016/openmpi-2.1.1-ib/bin:/usr/local/intel-2016/clck/2016.0.014/bin/intel64:/usr/local/intel-2016/compilers_and_libraries_2016.2.181/linux/bin/intel64:/usr/local/intel-2016/debugger_2016/gdb/intel64_mic/bin:/usr/local/torque-6.1.1.1/bin:/usr/local/torque-6.1.1.1/sbin:/usr/local/maui-r156-GRes/bin:/usr/local/Modules/3.2.10/bin:/usr/local/bin:/usr/local/bin:/usr/bin:/bin:/usr/local/sbin:/usr/sbin:/opt/ibutils/bin:/opt/puppetlabs/bin:/usr/local/sbin:/usr/sbin:/opt/puppetlabs/bin:/usr/local/intel-2016/bin:/usr/local/intel-2017/bin
LD_LIBRARY_PATH=/usr/local/gcc-4.9.4/lib:/usr/local/gcc-4.9.4/lib64:/usr/local/intel-2017/compilers_and_libraries_2017.0.098/linux/compiler/lib/intel64_lin:/usr/local/intel-2017/compilers_and_libraries_2017.0.098/linux/compiler/lib/intel64:/usr/local/intel-2017/compilers_and_libraries_2017.0.098/linux/mkl/lib/intel64:/usr/local/intel-2017/compilers_and_libraries_2017.0.098/linux/tbb/lib/intel64/gcc4.4:/usr/local/intel-2017/debugger_2017/iga/lib:/usr/local/intel-2017/debugger_2017/libipt/intel64/lib:/usr/local/intel-2017/compilers_and_libraries_2017.0.098/linux/daal/lib/intel64_lin:/usr/local/intel-2017/compilers_and_libraries_2017.0.098/linux/daal/../tbb/lib/intel64_lin/gcc4.4:/usr/local/intel64/broadwell/intel-2016/openmpi-2.1.1-ib/lib:/usr/local/intel-2016/compilers_and_libraries_2016.2.181/linux/compiler/lib/intel64_lin:/usr/local/intel-2016/compilers_and_libraries_2016.2.181/linux/compiler/lib/intel64:/usr/local/intel-2016/compilers_and_libraries_2016.2.181/linux/mkl/lib/intel64:/usr/local/intel-2016/compilers_and_libraries_2016.2.181/linux/tbb/lib/intel64/gcc4.4:/usr/local/intel-2016/debugger_2016/iga/lib:/usr/local/intel-2016/debugger_2016/libipt/intel64/lib:/usr/local/intel-2016/compilers_and_libraries_2016.2.181/linux/daal/lib/intel64_lin:/usr/local/intel-2016/compilers_and_libraries_2016.2.181/linux/daal/../tbb/lib/intel64_lin/gcc4.4:/usr/local/gcc-5.2.0/lib:/usr/local/gcc-5.2.0/lib64:/usr/local/torque-6.1.1.1/lib:/usr/local/intel64/broadwell/gcc/visit-2.12.3/2.12.3/linux-x86_64/lib
SHELL=/bin/tcsh
HOSTTYPE=x86_64-linux
OSTYPE=linux
ARCH=x86_64
MACHTYPE=x86_64
OS=3.10.0-514.el7.x86_64

Signal Handlers:
SIGSEGV: [libjvm.so+0xa13340], sa_mask[0]=11111111011111111101111111111110, sa_flags=SA_RESTART|SA_SIGINFO
SIGBUS: [libjvm.so+0xa13340], sa_mask[0]=11111111011111111101111111111110, sa_flags=SA_RESTART|SA_SIGINFO
SIGFPE: [libjvm.so+0x86f170], sa_mask[0]=11111111011111111101111111111110, sa_flags=SA_RESTART|SA_SIGINFO
SIGPIPE: [libjvm.so+0x86f170], sa_mask[0]=11111111011111111101111111111110, sa_flags=SA_RESTART|SA_SIGINFO
SIGXFSZ: [libjvm.so+0x86f170], sa_mask[0]=11111111011111111101111111111110, sa_flags=SA_RESTART|SA_SIGINFO
SIGILL: [libjvm.so+0x86f170], sa_mask[0]=11111111011111111101111111111110, sa_flags=SA_RESTART|SA_SIGINFO
SIGUSR1: SIG_DFL, sa_mask[0]=00000000000000000000000000000000, sa_flags=none
SIGUSR2: [libjvm.so+0x86f020], sa_mask[0]=00000000000000000000000000000000, sa_flags=SA_RESTART|SA_SIGINFO
SIGHUP: SIG_DFL, sa_mask[0]=00000000000000000000000000000000, sa_flags=none
SIGINT: SIG_DFL, sa_mask[0]=00000000000000000000000000000000, sa_flags=none
SIGTERM: SIG_DFL, sa_mask[0]=00000000000000000000000000000000, sa_flags=none
SIGQUIT: SIG_DFL, sa_mask[0]=00000000000000000000000000000000, sa_flags=none


---------------  S Y S T E M  ---------------

OS:CentOS Linux release 7.3.1611 (Core) 

uname:Linux 3.10.0-514.el7.x86_64 #1 SMP Tue Nov 22 16:42:41 UTC 2016 x86_64
libc:glibc 2.17 NPTL 2.17 
rlimit: STACK infinity, CORE 0k, NPROC 1024, NOFILE 32768, AS infinity
load average:6.71 1.47 0.52

/proc/meminfo:
MemTotal:       131615004 kB
MemFree:        114736576 kB
MemAvailable:   125553904 kB
Buffers:            3180 kB
Cached:         11315156 kB
SwapCached:            0 kB
Active:          9477048 kB
Inactive:        5261928 kB
Active(anon):    3426120 kB
Inactive(anon):    39308 kB
Active(file):    6050928 kB
Inactive(file):  5222620 kB
Unevictable:       44568 kB
Mlocked:           44568 kB
SwapTotal:       4194300 kB
SwapFree:        4194300 kB
Dirty:               644 kB
Writeback:             0 kB
AnonPages:       3478348 kB
Mapped:           114964 kB
Shmem:             36048 kB
Slab:             398216 kB
SReclaimable:     114488 kB
SUnreclaim:       283728 kB
KernelStack:       25872 kB
PageTables:        27864 kB
NFS_Unstable:          0 kB
Bounce:                0 kB
WritebackTmp:          0 kB
CommitLimit:    70001800 kB
Committed_AS:   86536152 kB
VmallocTotal:   34359738367 kB
VmallocUsed:      914108 kB
VmallocChunk:   34291708056 kB
HardwareCorrupted:     0 kB
AnonHugePages:   1064960 kB
HugePages_Total:       0
HugePages_Free:        0
HugePages_Rsvd:        0
HugePages_Surp:        0
Hugepagesize:       2048 kB
DirectMap4k:      207576 kB
DirectMap2M:     7954432 kB
DirectMap1G:    127926272 kB


CPU:total 20 (10 cores per cpu, 2 threads per core) family 6 model 79 stepping 1, cmov, cx8, fxsr, mmx, sse, sse2, sse3, ssse3, sse4.1, sse4.2, popcnt, avx, avx2, aes, clmul, erms, rtm, 3dnowpref, lzcnt, ht, tsc, tscinvbit, bmi1, bmi2, adx

/proc/cpuinfo:
processor	: 0
vendor_id	: GenuineIntel
cpu family	: 6
model		: 79
model name	: Intel(R) Xeon(R) CPU E5-2640 v4 @ 2.40GHz
stepping	: 1
microcode	: 0xb00001e
cpu MHz		: 2599.968
cache size	: 25600 KB
physical id	: 0
siblings	: 10
core id		: 0
cpu cores	: 10
apicid		: 0
initial apicid	: 0
fpu		: yes
fpu_exception	: yes
cpuid level	: 20
wp		: yes
flags		: fpu vme de pse tsc msr pae mce cx8 apic sep mtrr pge mca cmov pat pse36 clflush dts acpi mmx fxsr sse sse2 ss ht tm pbe syscall nx pdpe1gb rdtscp lm constant_tsc arch_perfmon pebs bts rep_good nopl xtopology nonstop_tsc aperfmperf eagerfpu pni pclmulqdq dtes64 monitor ds_cpl vmx smx est tm2 ssse3 fma cx16 xtpr pdcm pcid dca sse4_1 sse4_2 x2apic movbe popcnt tsc_deadline_timer aes xsave avx f16c rdrand lahf_lm abm 3dnowprefetch ida arat epb pln pts dtherm intel_pt tpr_shadow vnmi flexpriority ept vpid fsgsbase tsc_adjust bmi1 hle avx2 smep bmi2 erms invpcid rtm cqm rdseed adx smap xsaveopt cqm_llc cqm_occup_llc cqm_mbm_total cqm_mbm_local
bogomips	: 4800.46
clflush size	: 64
cache_alignment	: 64
address sizes	: 46 bits physical, 48 bits virtual
power management:

processor	: 1
vendor_id	: GenuineIntel
cpu family	: 6
model		: 79
model name	: Intel(R) Xeon(R) CPU E5-2640 v4 @ 2.40GHz
stepping	: 1
microcode	: 0xb00001e
cpu MHz		: 2689.218
cache size	: 25600 KB
physical id	: 1
siblings	: 10
core id		: 0
cpu cores	: 10
apicid		: 32
initial apicid	: 32
fpu		: yes
fpu_exception	: yes
cpuid level	: 20
wp		: yes
flags		: fpu vme de pse tsc msr pae mce cx8 apic sep mtrr pge mca cmov pat pse36 clflush dts acpi mmx fxsr sse sse2 ss ht tm pbe syscall nx pdpe1gb rdtscp lm constant_tsc arch_perfmon pebs bts rep_good nopl xtopology nonstop_tsc aperfmperf eagerfpu pni pclmulqdq dtes64 monitor ds_cpl vmx smx est tm2 ssse3 fma cx16 xtpr pdcm pcid dca sse4_1 sse4_2 x2apic movbe popcnt tsc_deadline_timer aes xsave avx f16c rdrand lahf_lm abm 3dnowprefetch ida arat epb pln pts dtherm intel_pt tpr_shadow vnmi flexpriority ept vpid fsgsbase tsc_adjust bmi1 hle avx2 smep bmi2 erms invpcid rtm cqm rdseed adx smap xsaveopt cqm_llc cqm_occup_llc cqm_mbm_total cqm_mbm_local
bogomips	: 4805.45
clflush size	: 64
cache_alignment	: 64
address sizes	: 46 bits physical, 48 bits virtual
power management:

processor	: 2
vendor_id	: GenuineIntel
cpu family	: 6
model		: 79
model name	: Intel(R) Xeon(R) CPU E5-2640 v4 @ 2.40GHz
stepping	: 1
microcode	: 0xb00001e
cpu MHz		: 2599.968
cache size	: 25600 KB
physical id	: 0
siblings	: 10
core id		: 1
cpu cores	: 10
apicid		: 2
initial apicid	: 2
fpu		: yes
fpu_exception	: yes
cpuid level	: 20
wp		: yes
flags		: fpu vme de pse tsc msr pae mce cx8 apic sep mtrr pge mca cmov pat pse36 clflush dts acpi mmx fxsr sse sse2 ss ht tm pbe syscall nx pdpe1gb rdtscp lm constant_tsc arch_perfmon pebs bts rep_good nopl xtopology nonstop_tsc aperfmperf eagerfpu pni pclmulqdq dtes64 monitor ds_cpl vmx smx est tm2 ssse3 fma cx16 xtpr pdcm pcid dca sse4_1 sse4_2 x2apic movbe popcnt tsc_deadline_timer aes xsave avx f16c rdrand lahf_lm abm 3dnowprefetch ida arat epb pln pts dtherm intel_pt tpr_shadow vnmi flexpriority ept vpid fsgsbase tsc_adjust bmi1 hle avx2 smep bmi2 erms invpcid rtm cqm rdseed adx smap xsaveopt cqm_llc cqm_occup_llc cqm_mbm_total cqm_mbm_local
bogomips	: 4800.46
clflush size	: 64
cache_alignment	: 64
address sizes	: 46 bits physical, 48 bits virtual
power management:

processor	: 3
vendor_id	: GenuineIntel
cpu family	: 6
model		: 79
model name	: Intel(R) Xeon(R) CPU E5-2640 v4 @ 2.40GHz
stepping	: 1
microcode	: 0xb00001e
cpu MHz		: 2619.093
cache size	: 25600 KB
physical id	: 1
siblings	: 10
core id		: 1
cpu cores	: 10
apicid		: 34
initial apicid	: 34
fpu		: yes
fpu_exception	: yes
cpuid level	: 20
wp		: yes
flags		: fpu vme de pse tsc msr pae mce cx8 apic sep mtrr pge mca cmov pat pse36 clflush dts acpi mmx fxsr sse sse2 ss ht tm pbe syscall nx pdpe1gb rdtscp lm constant_tsc arch_perfmon pebs bts rep_good nopl xtopology nonstop_tsc aperfmperf eagerfpu pni pclmulqdq dtes64 monitor ds_cpl vmx smx est tm2 ssse3 fma cx16 xtpr pdcm pcid dca sse4_1 sse4_2 x2apic movbe popcnt tsc_deadline_timer aes xsave avx f16c rdrand lahf_lm abm 3dnowprefetch ida arat epb pln pts dtherm intel_pt tpr_shadow vnmi flexpriority ept vpid fsgsbase tsc_adjust bmi1 hle avx2 smep bmi2 erms invpcid rtm cqm rdseed adx smap xsaveopt cqm_llc cqm_occup_llc cqm_mbm_total cqm_mbm_local
bogomips	: 4805.45
clflush size	: 64
cache_alignment	: 64
address sizes	: 46 bits physical, 48 bits virtual
power management:

processor	: 4
vendor_id	: GenuineIntel
cpu family	: 6
model		: 79
model name	: Intel(R) Xeon(R) CPU E5-2640 v4 @ 2.40GHz
stepping	: 1
microcode	: 0xb00001e
cpu MHz		: 2602.406
cache size	: 25600 KB
physical id	: 0
siblings	: 10
core id		: 2
cpu cores	: 10
apicid		: 4
initial apicid	: 4
fpu		: yes
fpu_exception	: yes
cpuid level	: 20
wp		: yes
flags		: fpu vme de pse tsc msr pae mce cx8 apic sep mtrr pge mca cmov pat pse36 clflush dts acpi mmx fxsr sse sse2 ss ht tm pbe syscall nx pdpe1gb rdtscp lm constant_tsc arch_perfmon pebs bts rep_good nopl xtopology nonstop_tsc aperfmperf eagerfpu pni pclmulqdq dtes64 monitor ds_cpl vmx smx est tm2 ssse3 fma cx16 xtpr pdcm pcid dca sse4_1 sse4_2 x2apic movbe popcnt tsc_deadline_timer aes xsave avx f16c rdrand lahf_lm abm 3dnowprefetch ida arat epb pln pts dtherm intel_pt tpr_shadow vnmi flexpriority ept vpid fsgsbase tsc_adjust bmi1 hle avx2 smep bmi2 erms invpcid rtm cqm rdseed adx smap xsaveopt cqm_llc cqm_occup_llc cqm_mbm_total cqm_mbm_local
bogomips	: 4800.46
clflush size	: 64
cache_alignment	: 64
address sizes	: 46 bits physical, 48 bits virtual
power management:

processor	: 5
vendor_id	: GenuineIntel
cpu family	: 6
model		: 79
model name	: Intel(R) Xeon(R) CPU E5-2640 v4 @ 2.40GHz
stepping	: 1
microcode	: 0xb00001e
cpu MHz		: 2682.750
cache size	: 25600 KB
physical id	: 1
siblings	: 10
core id		: 2
cpu cores	: 10
apicid		: 36
initial apicid	: 36
fpu		: yes
fpu_exception	: yes
cpuid level	: 20
wp		: yes
flags		: fpu vme de pse tsc msr pae mce cx8 apic sep mtrr pge mca cmov pat pse36 clflush dts acpi mmx fxsr sse sse2 ss ht tm pbe syscall nx pdpe1gb rdtscp lm constant_tsc arch_perfmon pebs bts rep_good nopl xtopology nonstop_tsc aperfmperf eagerfpu pni pclmulqdq dtes64 monitor ds_cpl vmx smx est tm2 ssse3 fma cx16 xtpr pdcm pcid dca sse4_1 sse4_2 x2apic movbe popcnt tsc_deadline_timer aes xsave avx f16c rdrand lahf_lm abm 3dnowprefetch ida arat epb pln pts dtherm intel_pt tpr_shadow vnmi flexpriority ept vpid fsgsbase tsc_adjust bmi1 hle avx2 smep bmi2 erms invpcid rtm cqm rdseed adx smap xsaveopt cqm_llc cqm_occup_llc cqm_mbm_total cqm_mbm_local
bogomips	: 4805.45
clflush size	: 64
cache_alignment	: 64
address sizes	: 46 bits physical, 48 bits virtual
power management:

processor	: 6
vendor_id	: GenuineIntel
cpu family	: 6
model		: 79
model name	: Intel(R) Xeon(R) CPU E5-2640 v4 @ 2.40GHz
stepping	: 1
microcode	: 0xb00001e
cpu MHz		: 2603.156
cache size	: 25600 KB
physical id	: 0
siblings	: 10
core id		: 3
cpu cores	: 10
apicid		: 6
initial apicid	: 6
fpu		: yes
fpu_exception	: yes
cpuid level	: 20
wp		: yes
flags		: fpu vme de pse tsc msr pae mce cx8 apic sep mtrr pge mca cmov pat pse36 clflush dts acpi mmx fxsr sse sse2 ss ht tm pbe syscall nx pdpe1gb rdtscp lm constant_tsc arch_perfmon pebs bts rep_good nopl xtopology nonstop_tsc aperfmperf eagerfpu pni pclmulqdq dtes64 monitor ds_cpl vmx smx est tm2 ssse3 fma cx16 xtpr pdcm pcid dca sse4_1 sse4_2 x2apic movbe popcnt tsc_deadline_timer aes xsave avx f16c rdrand lahf_lm abm 3dnowprefetch ida arat epb pln pts dtherm intel_pt tpr_shadow vnmi flexpriority ept vpid fsgsbase tsc_adjust bmi1 hle avx2 smep bmi2 erms invpcid rtm cqm rdseed adx smap xsaveopt cqm_llc cqm_occup_llc cqm_mbm_total cqm_mbm_local
bogomips	: 4800.46
clflush size	: 64
cache_alignment	: 64
address sizes	: 46 bits physical, 48 bits virtual
power management:

processor	: 7
vendor_id	: GenuineIntel
cpu family	: 6
model		: 79
model name	: Intel(R) Xeon(R) CPU E5-2640 v4 @ 2.40GHz
stepping	: 1
microcode	: 0xb00001e
cpu MHz		: 2623.968
cache size	: 25600 KB
physical id	: 1
siblings	: 10
core id		: 3
cpu cores	: 10
apicid		: 38
initial apicid	: 38
fpu		: yes
fpu_exception	: yes
cpuid level	: 20
wp		: yes
flags		: fpu vme de pse tsc msr pae mce cx8 apic sep mtrr pge mca cmov pat pse36 clflush dts acpi mmx fxsr sse sse2 ss ht tm pbe syscall nx pdpe1gb rdtscp lm constant_tsc arch_perfmon pebs bts rep_good nopl xtopology nonstop_tsc aperfmperf eagerfpu pni pclmulqdq dtes64 monitor ds_cpl vmx smx est tm2 ssse3 fma cx16 xtpr pdcm pcid dca sse4_1 sse4_2 x2apic movbe popcnt tsc_deadline_timer aes xsave avx f16c rdrand lahf_lm abm 3dnowprefetch ida arat epb pln pts dtherm intel_pt tpr_shadow vnmi flexpriority ept vpid fsgsbase tsc_adjust bmi1 hle avx2 smep bmi2 erms invpcid rtm cqm rdseed adx smap xsaveopt cqm_llc cqm_occup_llc cqm_mbm_total cqm_mbm_local
bogomips	: 4805.45
clflush size	: 64
cache_alignment	: 64
address sizes	: 46 bits physical, 48 bits virtual
power management:

processor	: 8
vendor_id	: GenuineIntel
cpu family	: 6
model		: 79
model name	: Intel(R) Xeon(R) CPU E5-2640 v4 @ 2.40GHz
stepping	: 1
microcode	: 0xb00001e
cpu MHz		: 2605.406
cache size	: 25600 KB
physical id	: 0
siblings	: 10
core id		: 4
cpu cores	: 10
apicid		: 8
initial apicid	: 8
fpu		: yes
fpu_exception	: yes
cpuid level	: 20
wp		: yes
flags		: fpu vme de pse tsc msr pae mce cx8 apic sep mtrr pge mca cmov pat pse36 clflush dts acpi mmx fxsr sse sse2 ss ht tm pbe syscall nx pdpe1gb rdtscp lm constant_tsc arch_perfmon pebs bts rep_good nopl xtopology nonstop_tsc aperfmperf eagerfpu pni pclmulqdq dtes64 monitor ds_cpl vmx smx est tm2 ssse3 fma cx16 xtpr pdcm pcid dca sse4_1 sse4_2 x2apic movbe popcnt tsc_deadline_timer aes xsave avx f16c rdrand lahf_lm abm 3dnowprefetch ida arat epb pln pts dtherm intel_pt tpr_shadow vnmi flexpriority ept vpid fsgsbase tsc_adjust bmi1 hle avx2 smep bmi2 erms invpcid rtm cqm rdseed adx smap xsaveopt cqm_llc cqm_occup_llc cqm_mbm_total cqm_mbm_local
bogomips	: 4800.46
clflush size	: 64
cache_alignment	: 64
address sizes	: 46 bits physical, 48 bits virtual
power management:

processor	: 9
vendor_id	: GenuineIntel
cpu family	: 6
model		: 79
model name	: Intel(R) Xeon(R) CPU E5-2640 v4 @ 2.40GHz
stepping	: 1
microcode	: 0xb00001e
cpu MHz		: 2617.218
cache size	: 25600 KB
physical id	: 1
siblings	: 10
core id		: 4
cpu cores	: 10
apicid		: 40
initial apicid	: 40
fpu		: yes
fpu_exception	: yes
cpuid level	: 20
wp		: yes
flags		: fpu vme de pse tsc msr pae mce cx8 apic sep mtrr pge mca cmov pat pse36 clflush dts acpi mmx fxsr sse sse2 ss ht tm pbe syscall nx pdpe1gb rdtscp lm constant_tsc arch_perfmon pebs bts rep_good nopl xtopology nonstop_tsc aperfmperf eagerfpu pni pclmulqdq dtes64 monitor ds_cpl vmx smx est tm2 ssse3 fma cx16 xtpr pdcm pcid dca sse4_1 sse4_2 x2apic movbe popcnt tsc_deadline_timer aes xsave avx f16c rdrand lahf_lm abm 3dnowprefetch ida arat epb pln pts dtherm intel_pt tpr_shadow vnmi flexpriority ept vpid fsgsbase tsc_adjust bmi1 hle avx2 smep bmi2 erms invpcid rtm cqm rdseed adx smap xsaveopt cqm_llc cqm_occup_llc cqm_mbm_total cqm_mbm_local
bogomips	: 4805.45
clflush size	: 64
cache_alignment	: 64
address sizes	: 46 bits physical, 48 bits virtual
power management:

processor	: 10
vendor_id	: GenuineIntel
cpu family	: 6
model		: 79
model name	: Intel(R) Xeon(R) CPU E5-2640 v4 @ 2.40GHz
stepping	: 1
microcode	: 0xb00001e
cpu MHz		: 2599.968
cache size	: 25600 KB
physical id	: 0
siblings	: 10
core id		: 8
cpu cores	: 10
apicid		: 16
initial apicid	: 16
fpu		: yes
fpu_exception	: yes
cpuid level	: 20
wp		: yes
flags		: fpu vme de pse tsc msr pae mce cx8 apic sep mtrr pge mca cmov pat pse36 clflush dts acpi mmx fxsr sse sse2 ss ht tm pbe syscall nx pdpe1gb rdtscp lm constant_tsc arch_perfmon pebs bts rep_good nopl xtopology nonstop_tsc aperfmperf eagerfpu pni pclmulqdq dtes64 monitor ds_cpl vmx smx est tm2 ssse3 fma cx16 xtpr pdcm pcid dca sse4_1 sse4_2 x2apic movbe popcnt tsc_deadline_timer aes xsave avx f16c rdrand lahf_lm abm 3dnowprefetch ida arat epb pln pts dtherm intel_pt tpr_shadow vnmi flexpriority ept vpid fsgsbase tsc_adjust bmi1 hle avx2 smep bmi2 erms invpcid rtm cqm rdseed adx smap xsaveopt cqm_llc cqm_occup_llc cqm_mbm_total cqm_mbm_local
bogomips	: 4800.46
clflush size	: 64
cache_alignment	: 64
address sizes	: 46 bits physical, 48 bits virtual
power management:

processor	: 11
vendor_id	: GenuineIntel
cpu family	: 6
model		: 79
model name	: Intel(R) Xeon(R) CPU E5-2640 v4 @ 2.40GHz
stepping	: 1
microcode	: 0xb00001e
cpu MHz		: 2697.093
cache size	: 25600 KB
physical id	: 1
siblings	: 10
core id		: 8
cpu cores	: 10
apicid		: 48
initial apicid	: 48
fpu		: yes
fpu_exception	: yes
cpuid level	: 20
wp		: yes
flags		: fpu vme de pse tsc msr pae mce cx8 apic sep mtrr pge mca cmov pat pse36 clflush dts acpi mmx fxsr sse sse2 ss ht tm pbe syscall nx pdpe1gb rdtscp lm constant_tsc arch_perfmon pebs bts rep_good nopl xtopology nonstop_tsc aperfmperf eagerfpu pni pclmulqdq dtes64 monitor ds_cpl vmx smx est tm2 ssse3 fma cx16 xtpr pdcm pcid dca sse4_1 sse4_2 x2apic movbe popcnt tsc_deadline_timer aes xsave avx f16c rdrand lahf_lm abm 3dnowprefetch ida arat epb pln pts dtherm intel_pt tpr_shadow vnmi flexpriority ept vpid fsgsbase tsc_adjust bmi1 hle avx2 smep bmi2 erms invpcid rtm cqm rdseed adx smap xsaveopt cqm_llc cqm_occup_llc cqm_mbm_total cqm_mbm_local
bogomips	: 4805.45
clflush size	: 64
cache_alignment	: 64
address sizes	: 46 bits physical, 48 bits virtual
power management:

processor	: 12
vendor_id	: GenuineIntel
cpu family	: 6
model		: 79
model name	: Intel(R) Xeon(R) CPU E5-2640 v4 @ 2.40GHz
stepping	: 1
microcode	: 0xb00001e
cpu MHz		: 2604.562
cache size	: 25600 KB
physical id	: 0
siblings	: 10
core id		: 9
cpu cores	: 10
apicid		: 18
initial apicid	: 18
fpu		: yes
fpu_exception	: yes
cpuid level	: 20
wp		: yes
flags		: fpu vme de pse tsc msr pae mce cx8 apic sep mtrr pge mca cmov pat pse36 clflush dts acpi mmx fxsr sse sse2 ss ht tm pbe syscall nx pdpe1gb rdtscp lm constant_tsc arch_perfmon pebs bts rep_good nopl xtopology nonstop_tsc aperfmperf eagerfpu pni pclmulqdq dtes64 monitor ds_cpl vmx smx est tm2 ssse3 fma cx16 xtpr pdcm pcid dca sse4_1 sse4_2 x2apic movbe popcnt tsc_deadline_timer aes xsave avx f16c rdrand lahf_lm abm 3dnowprefetch ida arat epb pln pts dtherm intel_pt tpr_shadow vnmi flexpriority ept vpid fsgsbase tsc_adjust bmi1 hle avx2 smep bmi2 erms invpcid rtm cqm rdseed adx smap xsaveopt cqm_llc cqm_occup_llc cqm_mbm_total cqm_mbm_local
bogomips	: 4800.46
clflush size	: 64
cache_alignment	: 64
address sizes	: 46 bits physical, 48 bits virtual
power management:

processor	: 13
vendor_id	: GenuineIntel
cpu family	: 6
model		: 79
model name	: Intel(R) Xeon(R) CPU E5-2640 v4 @ 2.40GHz
stepping	: 1
microcode	: 0xb00001e
cpu MHz		: 2626.593
cache size	: 25600 KB
physical id	: 1
siblings	: 10
core id		: 9
cpu cores	: 10
apicid		: 50
initial apicid	: 50
fpu		: yes
fpu_exception	: yes
cpuid level	: 20
wp		: yes
flags		: fpu vme de pse tsc msr pae mce cx8 apic sep mtrr pge mca cmov pat pse36 clflush dts acpi mmx fxsr sse sse2 ss ht tm pbe syscall nx pdpe1gb rdtscp lm constant_tsc arch_perfmon pebs bts rep_good nopl xtopology nonstop_tsc aperfmperf eagerfpu pni pclmulqdq dtes64 monitor ds_cpl vmx smx est tm2 ssse3 fma cx16 xtpr pdcm pcid dca sse4_1 sse4_2 x2apic movbe popcnt tsc_deadline_timer aes xsave avx f16c rdrand lahf_lm abm 3dnowprefetch ida arat epb pln pts dtherm intel_pt tpr_shadow vnmi flexpriority ept vpid fsgsbase tsc_adjust bmi1 hle avx2 smep bmi2 erms invpcid rtm cqm rdseed adx smap xsaveopt cqm_llc cqm_occup_llc cqm_mbm_total cqm_mbm_local
bogomips	: 4805.45
clflush size	: 64
cache_alignment	: 64
address sizes	: 46 bits physical, 48 bits virtual
power management:

processor	: 14
vendor_id	: GenuineIntel
cpu family	: 6
model		: 79
model name	: Intel(R) Xeon(R) CPU E5-2640 v4 @ 2.40GHz
stepping	: 1
microcode	: 0xb00001e
cpu MHz		: 2603.343
cache size	: 25600 KB
physical id	: 0
siblings	: 10
core id		: 10
cpu cores	: 10
apicid		: 20
initial apicid	: 20
fpu		: yes
fpu_exception	: yes
cpuid level	: 20
wp		: yes
flags		: fpu vme de pse tsc msr pae mce cx8 apic sep mtrr pge mca cmov pat pse36 clflush dts acpi mmx fxsr sse sse2 ss ht tm pbe syscall nx pdpe1gb rdtscp lm constant_tsc arch_perfmon pebs bts rep_good nopl xtopology nonstop_tsc aperfmperf eagerfpu pni pclmulqdq dtes64 monitor ds_cpl vmx smx est tm2 ssse3 fma cx16 xtpr pdcm pcid dca sse4_1 sse4_2 x2apic movbe popcnt tsc_deadline_timer aes xsave avx f16c rdrand lahf_lm abm 3dnowprefetch ida arat epb pln pts dtherm intel_pt tpr_shadow vnmi flexpriority ept vpid fsgsbase tsc_adjust bmi1 hle avx2 smep bmi2 erms invpcid rtm cqm rdseed adx smap xsaveopt cqm_llc cqm_occup_llc cqm_mbm_total cqm_mbm_local
bogomips	: 4800.46
clflush size	: 64
cache_alignment	: 64
address sizes	: 46 bits physical, 48 bits virtual
power management:

processor	: 15
vendor_id	: GenuineIntel
cpu family	: 6
model		: 79
model name	: Intel(R) Xeon(R) CPU E5-2640 v4 @ 2.40GHz
stepping	: 1
microcode	: 0xb00001e
cpu MHz		: 2699.156
cache size	: 25600 KB
physical id	: 1
siblings	: 10
core id		: 10
cpu cores	: 10
apicid		: 52
initial apicid	: 52
fpu		: yes
fpu_exception	: yes
cpuid level	: 20
wp		: yes
flags		: fpu vme de pse tsc msr pae mce cx8 apic sep mtrr pge mca cmov pat pse36 clflush dts acpi mmx fxsr sse sse2 ss ht tm pbe syscall nx pdpe1gb rdtscp lm constant_tsc arch_perfmon pebs bts rep_good nopl xtopology nonstop_tsc aperfmperf eagerfpu pni pclmulqdq dtes64 monitor ds_cpl vmx smx est tm2 ssse3 fma cx16 xtpr pdcm pcid dca sse4_1 sse4_2 x2apic movbe popcnt tsc_deadline_timer aes xsave avx f16c rdrand lahf_lm abm 3dnowprefetch ida arat epb pln pts dtherm intel_pt tpr_shadow vnmi flexpriority ept vpid fsgsbase tsc_adjust bmi1 hle avx2 smep bmi2 erms invpcid rtm cqm rdseed adx smap xsaveopt cqm_llc cqm_occup_llc cqm_mbm_total cqm_mbm_local
bogomips	: 4805.45
clflush size	: 64
cache_alignment	: 64
address sizes	: 46 bits physical, 48 bits virtual
power management:

processor	: 16
vendor_id	: GenuineIntel
cpu family	: 6
model		: 79
model name	: Intel(R) Xeon(R) CPU E5-2640 v4 @ 2.40GHz
stepping	: 1
microcode	: 0xb00001e
cpu MHz		: 2602.781
cache size	: 25600 KB
physical id	: 0
siblings	: 10
core id		: 11
cpu cores	: 10
apicid		: 22
initial apicid	: 22
fpu		: yes
fpu_exception	: yes
cpuid level	: 20
wp		: yes
flags		: fpu vme de pse tsc msr pae mce cx8 apic sep mtrr pge mca cmov pat pse36 clflush dts acpi mmx fxsr sse sse2 ss ht tm pbe syscall nx pdpe1gb rdtscp lm constant_tsc arch_perfmon pebs bts rep_good nopl xtopology nonstop_tsc aperfmperf eagerfpu pni pclmulqdq dtes64 monitor ds_cpl vmx smx est tm2 ssse3 fma cx16 xtpr pdcm pcid dca sse4_1 sse4_2 x2apic movbe popcnt tsc_deadline_timer aes xsave avx f16c rdrand lahf_lm abm 3dnowprefetch ida arat epb pln pts dtherm intel_pt tpr_shadow vnmi flexpriority ept vpid fsgsbase tsc_adjust bmi1 hle avx2 smep bmi2 erms invpcid rtm cqm rdseed adx smap xsaveopt cqm_llc cqm_occup_llc cqm_mbm_total cqm_mbm_local
bogomips	: 4800.46
clflush size	: 64
cache_alignment	: 64
address sizes	: 46 bits physical, 48 bits virtual
power management:

processor	: 17
vendor_id	: GenuineIntel
cpu family	: 6
model		: 79
model name	: Intel(R) Xeon(R) CPU E5-2640 v4 @ 2.40GHz
stepping	: 1
microcode	: 0xb00001e
cpu MHz		: 2667.093
cache size	: 25600 KB
physical id	: 1
siblings	: 10
core id		: 11
cpu cores	: 10
apicid		: 54
initial apicid	: 54
fpu		: yes
fpu_exception	: yes
cpuid level	: 20
wp		: yes
flags		: fpu vme de pse tsc msr pae mce cx8 apic sep mtrr pge mca cmov pat pse36 clflush dts acpi mmx fxsr sse sse2 ss ht tm pbe syscall nx pdpe1gb rdtscp lm constant_tsc arch_perfmon pebs bts rep_good nopl xtopology nonstop_tsc aperfmperf eagerfpu pni pclmulqdq dtes64 monitor ds_cpl vmx smx est tm2 ssse3 fma cx16 xtpr pdcm pcid dca sse4_1 sse4_2 x2apic movbe popcnt tsc_deadline_timer aes xsave avx f16c rdrand lahf_lm abm 3dnowprefetch ida arat epb pln pts dtherm intel_pt tpr_shadow vnmi flexpriority ept vpid fsgsbase tsc_adjust bmi1 hle avx2 smep bmi2 erms invpcid rtm cqm rdseed adx smap xsaveopt cqm_llc cqm_occup_llc cqm_mbm_total cqm_mbm_local
bogomips	: 4805.45
clflush size	: 64
cache_alignment	: 64
address sizes	: 46 bits physical, 48 bits virtual
power management:

processor	: 18
vendor_id	: GenuineIntel
cpu family	: 6
model		: 79
model name	: Intel(R) Xeon(R) CPU E5-2640 v4 @ 2.40GHz
stepping	: 1
microcode	: 0xb00001e
cpu MHz		: 2599.968
cache size	: 25600 KB
physical id	: 0
siblings	: 10
core id		: 12
cpu cores	: 10
apicid		: 24
initial apicid	: 24
fpu		: yes
fpu_exception	: yes
cpuid level	: 20
wp		: yes
flags		: fpu vme de pse tsc msr pae mce cx8 apic sep mtrr pge mca cmov pat pse36 clflush dts acpi mmx fxsr sse sse2 ss ht tm pbe syscall nx pdpe1gb rdtscp lm constant_tsc arch_perfmon pebs bts rep_good nopl xtopology nonstop_tsc aperfmperf eagerfpu pni pclmulqdq dtes64 monitor ds_cpl vmx smx est tm2 ssse3 fma cx16 xtpr pdcm pcid dca sse4_1 sse4_2 x2apic movbe popcnt tsc_deadline_timer aes xsave avx f16c rdrand lahf_lm abm 3dnowprefetch ida arat epb pln pts dtherm intel_pt tpr_shadow vnmi flexpriority ept vpid fsgsbase tsc_adjust bmi1 hle avx2 smep bmi2 erms invpcid rtm cqm rdseed adx smap xsaveopt cqm_llc cqm_occup_llc cqm_mbm_total cqm_mbm_local
bogomips	: 4800.46
clflush size	: 64
cache_alignment	: 64
address sizes	: 46 bits physical, 48 bits virtual
power management:

processor	: 19
vendor_id	: GenuineIntel
cpu family	: 6
model		: 79
model name	: Intel(R) Xeon(R) CPU E5-2640 v4 @ 2.40GHz
stepping	: 1
microcode	: 0xb00001e
cpu MHz		: 2692.875
cache size	: 25600 KB
physical id	: 1
siblings	: 10
core id		: 12
cpu cores	: 10
apicid		: 56
initial apicid	: 56
fpu		: yes
fpu_exception	: yes
cpuid level	: 20
wp		: yes
flags		: fpu vme de pse tsc msr pae mce cx8 apic sep mtrr pge mca cmov pat pse36 clflush dts acpi mmx fxsr sse sse2 ss ht tm pbe syscall nx pdpe1gb rdtscp lm constant_tsc arch_perfmon pebs bts rep_good nopl xtopology nonstop_tsc aperfmperf eagerfpu pni pclmulqdq dtes64 monitor ds_cpl vmx smx est tm2 ssse3 fma cx16 xtpr pdcm pcid dca sse4_1 sse4_2 x2apic movbe popcnt tsc_deadline_timer aes xsave avx f16c rdrand lahf_lm abm 3dnowprefetch ida arat epb pln pts dtherm intel_pt tpr_shadow vnmi flexpriority ept vpid fsgsbase tsc_adjust bmi1 hle avx2 smep bmi2 erms invpcid rtm cqm rdseed adx smap xsaveopt cqm_llc cqm_occup_llc cqm_mbm_total cqm_mbm_local
bogomips	: 4805.45
clflush size	: 64
cache_alignment	: 64
address sizes	: 46 bits physical, 48 bits virtual
power management:



Memory: 4k page, physical 131615004k(114736576k free), swap 4194300k(4194300k free)

vm_info: OpenJDK 64-Bit Server VM (25.102-b14) for linux-amd64 JRE (1.8.0_102-b14), built on Nov 12 2016 00:22:22 by "mockbuild" with gcc 4.8.5 20150623 (Red Hat 4.8.5-11)

time: Tue Mar 26 01:16:53 2024
elapsed time: 0 seconds (0d 0h 0m 0s)

